<?xml version="1.0" encoding="UTF-8"?>
<testsuite xmlns:xsi="http://www.w3.org/2001/XMLSchema-instance" xsi:noNamespaceSchemaLocation="https://maven.apache.org/surefire/maven-surefire-plugin/xsd/surefire-test-report.xsd" name="com.soma.app.AppTest" time="0.07" tests="1" errors="0" skipped="0" failures="0">
  <properties>
    <property name="gopherProxySet" value="false"/>
    <property name="awt.toolkit" value="sun.lwawt.macosx.LWCToolkit"/>
    <property name="file.encoding.pkg" value="sun.io"/>
    <property name="java.specification.version" value="1.8"/>
    <property name="sun.cpu.isalist" value=""/>
    <property name="sun.jnu.encoding" value="UTF-8"/>
    <property name="java.class.path" value="/Users/mnatara/ideathon/ideathon/corona-app/target/test-classes:/Users/mnatara/ideathon/ideathon/corona-app/target/classes:/Users/mnatara/.m2/repository/junit/junit/4.12/junit-4.12.jar:/Users/mnatara/.m2/repository/org/hamcrest/hamcrest-core/1.3/hamcrest-core-1.3.jar:/Users/mnatara/.m2/repository/com/amazon/alexa/ask-sdk/2.20.2/ask-sdk-2.20.2.jar:/Users/mnatara/.m2/repository/com/amazon/alexa/ask-sdk-freemarker/2.20.2/ask-sdk-freemarker-2.20.2.jar:/Users/mnatara/.m2/repository/org/freemarker/freemarker/2.3.28/freemarker-2.3.28.jar:/Users/mnatara/.m2/repository/org/apache/logging/log4j/log4j-slf4j-impl/2.8.2/log4j-slf4j-impl-2.8.2.jar:/Users/mnatara/.m2/repository/org/slf4j/slf4j-api/1.7.24/slf4j-api-1.7.24.jar:/Users/mnatara/.m2/repository/org/apache/logging/log4j/log4j-api/2.8.2/log4j-api-2.8.2.jar:/Users/mnatara/.m2/repository/com/amazon/alexa/ask-sdk-core/2.20.2/ask-sdk-core-2.20.2.jar:/Users/mnatara/.m2/repository/com/amazon/alexa/ask-sdk-runtime/2.20.2/ask-sdk-runtime-2.20.2.jar:/Users/mnatara/.m2/repository/com/fasterxml/jackson/core/jackson-core/2.9.9/jackson-core-2.9.9.jar:/Users/mnatara/.m2/repository/com/fasterxml/jackson/core/jackson-databind/2.9.9.1/jackson-databind-2.9.9.1.jar:/Users/mnatara/.m2/repository/com/fasterxml/jackson/datatype/jackson-datatype-jsr310/2.9.9/jackson-datatype-jsr310-2.9.9.jar:/Users/mnatara/.m2/repository/com/amazon/alexa/ask-sdk-model/1.18.2/ask-sdk-model-1.18.2.jar:/Users/mnatara/.m2/repository/com/fasterxml/jackson/core/jackson-annotations/2.9.9/jackson-annotations-2.9.9.jar:/Users/mnatara/.m2/repository/com/amazon/alexa/ask-sdk-lambda-support/2.20.2/ask-sdk-lambda-support-2.20.2.jar:/Users/mnatara/.m2/repository/com/amazonaws/aws-lambda-java-core/1.0.0/aws-lambda-java-core-1.0.0.jar:/Users/mnatara/.m2/repository/commons-io/commons-io/2.6/commons-io-2.6.jar:/Users/mnatara/.m2/repository/com/amazon/alexa/ask-sdk-servlet-support/2.20.2/ask-sdk-servlet-support-2.20.2.jar:/Users/mnatara/.m2/repository/commons-codec/commons-codec/1.6/commons-codec-1.6.jar:/Users/mnatara/.m2/repository/com/amazon/alexa/ask-sdk-apache-client/2.20.2/ask-sdk-apache-client-2.20.2.jar:/Users/mnatara/.m2/repository/org/apache/httpcomponents/httpclient/4.5.5/httpclient-4.5.5.jar:/Users/mnatara/.m2/repository/org/apache/httpcomponents/httpcore/4.4.9/httpcore-4.4.9.jar:/Users/mnatara/.m2/repository/commons-logging/commons-logging/1.2/commons-logging-1.2.jar:/Users/mnatara/.m2/repository/com/amazon/alexa/ask-sdk-dynamodb-persistence-adapter/2.20.2/ask-sdk-dynamodb-persistence-adapter-2.20.2.jar:/Users/mnatara/.m2/repository/com/amazonaws/aws-java-sdk-dynamodb/1.11.420/aws-java-sdk-dynamodb-1.11.420.jar:/Users/mnatara/.m2/repository/com/amazonaws/aws-java-sdk-s3/1.11.420/aws-java-sdk-s3-1.11.420.jar:/Users/mnatara/.m2/repository/com/amazonaws/aws-java-sdk-kms/1.11.420/aws-java-sdk-kms-1.11.420.jar:/Users/mnatara/.m2/repository/com/amazonaws/aws-java-sdk-core/1.11.420/aws-java-sdk-core-1.11.420.jar:/Users/mnatara/.m2/repository/software/amazon/ion/ion-java/1.0.2/ion-java-1.0.2.jar:/Users/mnatara/.m2/repository/com/fasterxml/jackson/dataformat/jackson-dataformat-cbor/2.6.7/jackson-dataformat-cbor-2.6.7.jar:/Users/mnatara/.m2/repository/joda-time/joda-time/2.8.1/joda-time-2.8.1.jar:/Users/mnatara/.m2/repository/com/amazonaws/jmespath-java/1.11.420/jmespath-java-1.11.420.jar:"/>
    <property name="java.vm.vendor" value="Oracle Corporation"/>
    <property name="sun.arch.data.model" value="64"/>
    <property name="java.vendor.url" value="http://java.oracle.com/"/>
    <property name="user.timezone" value=""/>
    <property name="descriptorId" value="jar-with-dependencies"/>
    <property name="java.vm.specification.version" value="1.8"/>
    <property name="os.name" value="Mac OS X"/>
    <property name="user.country" value="US"/>
    <property name="sun.java.launcher" value="SUN_STANDARD"/>
    <property name="sun.boot.library.path" value="/Library/Java/JavaVirtualMachines/jdk1.8.0_231.jdk/Contents/Home/jre/lib"/>
    <property name="sun.java.command" value="/Users/mnatara/ideathon/ideathon/corona-app/target/surefire/surefirebooter749998689718654378.jar /Users/mnatara/ideathon/ideathon/corona-app/target/surefire 2020-03-17T00-46-22_827-jvmRun1 surefire5728286005156027964tmp surefire_0132436841867041221tmp"/>
    <property name="surefire.test.class.path" value="/Users/mnatara/ideathon/ideathon/corona-app/target/test-classes:/Users/mnatara/ideathon/ideathon/corona-app/target/classes:/Users/mnatara/.m2/repository/junit/junit/4.12/junit-4.12.jar:/Users/mnatara/.m2/repository/org/hamcrest/hamcrest-core/1.3/hamcrest-core-1.3.jar:/Users/mnatara/.m2/repository/com/amazon/alexa/ask-sdk/2.20.2/ask-sdk-2.20.2.jar:/Users/mnatara/.m2/repository/com/amazon/alexa/ask-sdk-freemarker/2.20.2/ask-sdk-freemarker-2.20.2.jar:/Users/mnatara/.m2/repository/org/freemarker/freemarker/2.3.28/freemarker-2.3.28.jar:/Users/mnatara/.m2/repository/org/apache/logging/log4j/log4j-slf4j-impl/2.8.2/log4j-slf4j-impl-2.8.2.jar:/Users/mnatara/.m2/repository/org/slf4j/slf4j-api/1.7.24/slf4j-api-1.7.24.jar:/Users/mnatara/.m2/repository/org/apache/logging/log4j/log4j-api/2.8.2/log4j-api-2.8.2.jar:/Users/mnatara/.m2/repository/com/amazon/alexa/ask-sdk-core/2.20.2/ask-sdk-core-2.20.2.jar:/Users/mnatara/.m2/repository/com/amazon/alexa/ask-sdk-runtime/2.20.2/ask-sdk-runtime-2.20.2.jar:/Users/mnatara/.m2/repository/com/fasterxml/jackson/core/jackson-core/2.9.9/jackson-core-2.9.9.jar:/Users/mnatara/.m2/repository/com/fasterxml/jackson/core/jackson-databind/2.9.9.1/jackson-databind-2.9.9.1.jar:/Users/mnatara/.m2/repository/com/fasterxml/jackson/datatype/jackson-datatype-jsr310/2.9.9/jackson-datatype-jsr310-2.9.9.jar:/Users/mnatara/.m2/repository/com/amazon/alexa/ask-sdk-model/1.18.2/ask-sdk-model-1.18.2.jar:/Users/mnatara/.m2/repository/com/fasterxml/jackson/core/jackson-annotations/2.9.9/jackson-annotations-2.9.9.jar:/Users/mnatara/.m2/repository/com/amazon/alexa/ask-sdk-lambda-support/2.20.2/ask-sdk-lambda-support-2.20.2.jar:/Users/mnatara/.m2/repository/com/amazonaws/aws-lambda-java-core/1.0.0/aws-lambda-java-core-1.0.0.jar:/Users/mnatara/.m2/repository/commons-io/commons-io/2.6/commons-io-2.6.jar:/Users/mnatara/.m2/repository/com/amazon/alexa/ask-sdk-servlet-support/2.20.2/ask-sdk-servlet-support-2.20.2.jar:/Users/mnatara/.m2/repository/commons-codec/commons-codec/1.6/commons-codec-1.6.jar:/Users/mnatara/.m2/repository/com/amazon/alexa/ask-sdk-apache-client/2.20.2/ask-sdk-apache-client-2.20.2.jar:/Users/mnatara/.m2/repository/org/apache/httpcomponents/httpclient/4.5.5/httpclient-4.5.5.jar:/Users/mnatara/.m2/repository/org/apache/httpcomponents/httpcore/4.4.9/httpcore-4.4.9.jar:/Users/mnatara/.m2/repository/commons-logging/commons-logging/1.2/commons-logging-1.2.jar:/Users/mnatara/.m2/repository/com/amazon/alexa/ask-sdk-dynamodb-persistence-adapter/2.20.2/ask-sdk-dynamodb-persistence-adapter-2.20.2.jar:/Users/mnatara/.m2/repository/com/amazonaws/aws-java-sdk-dynamodb/1.11.420/aws-java-sdk-dynamodb-1.11.420.jar:/Users/mnatara/.m2/repository/com/amazonaws/aws-java-sdk-s3/1.11.420/aws-java-sdk-s3-1.11.420.jar:/Users/mnatara/.m2/repository/com/amazonaws/aws-java-sdk-kms/1.11.420/aws-java-sdk-kms-1.11.420.jar:/Users/mnatara/.m2/repository/com/amazonaws/aws-java-sdk-core/1.11.420/aws-java-sdk-core-1.11.420.jar:/Users/mnatara/.m2/repository/software/amazon/ion/ion-java/1.0.2/ion-java-1.0.2.jar:/Users/mnatara/.m2/repository/com/fasterxml/jackson/dataformat/jackson-dataformat-cbor/2.6.7/jackson-dataformat-cbor-2.6.7.jar:/Users/mnatara/.m2/repository/joda-time/joda-time/2.8.1/joda-time-2.8.1.jar:/Users/mnatara/.m2/repository/com/amazonaws/jmespath-java/1.11.420/jmespath-java-1.11.420.jar:"/>
    <property name="sun.cpu.endian" value="little"/>
    <property name="user.home" value="/Users/mnatara"/>
    <property name="user.language" value="en"/>
    <property name="java.specification.vendor" value="Oracle Corporation"/>
    <property name="java.home" value="/Library/Java/JavaVirtualMachines/jdk1.8.0_231.jdk/Contents/Home/jre"/>
    <property name="basedir" value="/Users/mnatara/ideathon/ideathon/corona-app"/>
    <property name="file.separator" value="/"/>
    <property name="line.separator" value="&#10;"/>
    <property name="java.vm.specification.vendor" value="Oracle Corporation"/>
    <property name="java.specification.name" value="Java Platform API Specification"/>
    <property name="java.awt.graphicsenv" value="sun.awt.CGraphicsEnvironment"/>
    <property name="surefire.real.class.path" value="/Users/mnatara/ideathon/ideathon/corona-app/target/surefire/surefirebooter749998689718654378.jar"/>
    <property name="sun.boot.class.path" value="/Library/Java/JavaVirtualMachines/jdk1.8.0_231.jdk/Contents/Home/jre/lib/resources.jar:/Library/Java/JavaVirtualMachines/jdk1.8.0_231.jdk/Contents/Home/jre/lib/rt.jar:/Library/Java/JavaVirtualMachines/jdk1.8.0_231.jdk/Contents/Home/jre/lib/sunrsasign.jar:/Library/Java/JavaVirtualMachines/jdk1.8.0_231.jdk/Contents/Home/jre/lib/jsse.jar:/Library/Java/JavaVirtualMachines/jdk1.8.0_231.jdk/Contents/Home/jre/lib/jce.jar:/Library/Java/JavaVirtualMachines/jdk1.8.0_231.jdk/Contents/Home/jre/lib/charsets.jar:/Library/Java/JavaVirtualMachines/jdk1.8.0_231.jdk/Contents/Home/jre/lib/jfr.jar:/Library/Java/JavaVirtualMachines/jdk1.8.0_231.jdk/Contents/Home/jre/classes"/>
    <property name="sun.management.compiler" value="HotSpot 64-Bit Tiered Compilers"/>
    <property name="java.runtime.version" value="1.8.0_231-b11"/>
    <property name="user.name" value="mnatara"/>
    <property name="path.separator" value=":"/>
    <property name="os.version" value="10.12.6"/>
    <property name="java.endorsed.dirs" value="/Library/Java/JavaVirtualMachines/jdk1.8.0_231.jdk/Contents/Home/jre/lib/endorsed"/>
    <property name="java.runtime.name" value="Java(TM) SE Runtime Environment"/>
    <property name="file.encoding" value="UTF-8"/>
    <property name="java.vm.name" value="Java HotSpot(TM) 64-Bit Server VM"/>
    <property name="localRepository" value="/Users/mnatara/.m2/repository"/>
    <property name="java.vendor.url.bug" value="http://bugreport.sun.com/bugreport/"/>
    <property name="java.io.tmpdir" value="/var/folders/3d/p6py37091bv1ddf3d3c1ywn8dprtvr/T/"/>
    <property name="java.version" value="1.8.0_231"/>
    <property name="user.dir" value="/Users/mnatara/ideathon/ideathon/corona-app"/>
    <property name="os.arch" value="x86_64"/>
    <property name="java.vm.specification.name" value="Java Virtual Machine Specification"/>
    <property name="java.awt.printerjob" value="sun.lwawt.macosx.CPrinterJob"/>
    <property name="sun.os.patch.level" value="unknown"/>
    <property name="java.library.path" value="/Users/mnatara/Library/Java/Extensions:/Library/Java/Extensions:/Network/Library/Java/Extensions:/System/Library/Java/Extensions:/usr/lib/java:."/>
    <property name="java.vm.info" value="mixed mode"/>
    <property name="java.vendor" value="Oracle Corporation"/>
    <property name="java.vm.version" value="25.231-b11"/>
    <property name="java.ext.dirs" value="/Users/mnatara/Library/Java/Extensions:/Library/Java/JavaVirtualMachines/jdk1.8.0_231.jdk/Contents/Home/jre/lib/ext:/Library/Java/Extensions:/Network/Library/Java/Extensions:/System/Library/Java/Extensions:/usr/lib/java"/>
    <property name="sun.io.unicode.encoding" value="UnicodeBig"/>
    <property name="java.class.version" value="52.0"/>
  </properties>
  <testcase name="shouldAnswerWithTrue" classname="com.soma.app.AppTest" time="0.002"/>
</testsuite>